0 info it worked if it ends with ok
1 verbose cli [ 'C:\\Software\\nodejs\\\\node.exe',
1 verbose cli   'C:\\Software\\nodejs\\node_modules\\npm\\bin\\npm-cli.js',
1 verbose cli   'install',
1 verbose cli   'quickthumb' ]
2 info using npm@2.5.1
3 info using node@v0.12.0
4 verbose node symlink C:\Software\nodejs\\node.exe
5 silly cache add args [ 'quickthumb', null ]
6 verbose cache add spec quickthumb
7 silly cache add parsed spec { raw: 'quickthumb',
7 silly cache add   scope: null,
7 silly cache add   name: 'quickthumb',
7 silly cache add   rawSpec: '',
7 silly cache add   spec: '*',
7 silly cache add   type: 'range' }
8 verbose addNamed quickthumb@*
9 silly addNamed semver.valid null
10 silly addNamed semver.validRange *
11 silly addNameRange { name: 'quickthumb', range: '*', hasData: false }
12 silly mapToRegistry name quickthumb
13 silly mapToRegistry using default registry
14 silly mapToRegistry registry https://registry.npmjs.org/
15 silly mapToRegistry uri https://registry.npmjs.org/quickthumb
16 verbose addNameRange registry:https://registry.npmjs.org/quickthumb not in flight; fetching
17 verbose request uri https://registry.npmjs.org/quickthumb
18 verbose request no auth needed
19 info attempt registry request try #1 at 17:35:54
20 verbose request id b04998cc6e61f4f6
21 verbose etag "8PVJ0X4VVEQ9YN9HWROADBT51"
22 http request GET https://registry.npmjs.org/quickthumb
23 http 304 https://registry.npmjs.org/quickthumb
24 silly get cb [ 304,
24 silly get   { date: 'Mon, 25 May 2015 15:35:55 GMT',
24 silly get     via: '1.1 varnish',
24 silly get     'cache-control': 'max-age=60',
24 silly get     etag: '"8PVJ0X4VVEQ9YN9HWROADBT51"',
24 silly get     age: '0',
24 silly get     connection: 'keep-alive',
24 silly get     'x-served-by': 'cache-lhr6331-LHR',
24 silly get     'x-cache': 'MISS',
24 silly get     'x-cache-hits': '0',
24 silly get     'x-timer': 'S1432568155.718359,VS0,VE88',
24 silly get     vary: 'Accept' } ]
25 verbose etag https://registry.npmjs.org/quickthumb from cache
26 verbose get saving quickthumb to C:\Users\Jorge.Jorge-PC\AppData\Roaming\npm-cache\registry.npmjs.org\quickthumb\.cache.json
27 silly addNameRange number 2 { name: 'quickthumb', range: '*', hasData: true }
28 silly addNameRange versions [ 'quickthumb',
28 silly addNameRange   [ '0.0.1',
28 silly addNameRange     '0.0.2',
28 silly addNameRange     '0.0.3',
28 silly addNameRange     '0.0.4',
28 silly addNameRange     '0.0.5',
28 silly addNameRange     '0.0.6',
28 silly addNameRange     '0.0.7',
28 silly addNameRange     '0.0.8',
28 silly addNameRange     '0.0.9',
28 silly addNameRange     '0.0.10',
28 silly addNameRange     '0.0.11' ] ]
29 verbose addNamed quickthumb@0.0.11
30 silly addNamed semver.valid 0.0.11
31 silly addNamed semver.validRange 0.0.11
32 silly cache afterAdd quickthumb@0.0.11
33 verbose afterAdd C:\Users\Jorge.Jorge-PC\AppData\Roaming\npm-cache\quickthumb\0.0.11\package\package.json not in flight; writing
34 verbose afterAdd C:\Users\Jorge.Jorge-PC\AppData\Roaming\npm-cache\quickthumb\0.0.11\package\package.json written
35 silly install resolved [ { name: 'quickthumb',
35 silly install resolved     version: '0.0.11',
35 silly install resolved     description: 'On the fly, thumbnail creation middleware for express.',
35 silly install resolved     author: { name: 'Zach Ivester', email: 'zivester@gmail.com' },
35 silly install resolved     main: 'index.js',
35 silly install resolved     scripts:
35 silly install resolved      { test: 'node test/simple-test.js',
35 silly install resolved        start: 'node test/express-test.js' },
35 silly install resolved     repository:
35 silly install resolved      { type: 'git',
35 silly install resolved        url: 'https://github.com/zivester/node-quickthumb.git' },
35 silly install resolved     bugs: { url: 'https://github.com/zivester/node-quickthumb/issues' },
35 silly install resolved     licenses: [ [Object] ],
35 silly install resolved     keywords:
35 silly install resolved      [ 'thumb',
35 silly install resolved        'thumbnail',
35 silly install resolved        'image',
35 silly install resolved        'imagemagick',
35 silly install resolved        'timthumb',
35 silly install resolved        'timthumb.php',
35 silly install resolved        'resize' ],
35 silly install resolved     dependencies:
35 silly install resolved      { imagemagick: 'git://github.com/rsms/node-imagemagick.git',
35 silly install resolved        mkdirp: '~0.3.3' },
35 silly install resolved     gitHead: '7fe84564f2fc799cf5991e431f46b01859bb286e',
35 silly install resolved     homepage: 'https://github.com/zivester/node-quickthumb',
35 silly install resolved     _id: 'quickthumb@0.0.11',
35 silly install resolved     _shasum: '7c7f9add923f67bfad56a03783767c9e45f172c0',
35 silly install resolved     _from: 'quickthumb@*',
35 silly install resolved     _npmVersion: '1.4.28',
35 silly install resolved     _npmUser: { name: 'zivester', email: 'zivester@gmail.com' },
35 silly install resolved     maintainers: [ [Object] ],
35 silly install resolved     dist:
35 silly install resolved      { shasum: '7c7f9add923f67bfad56a03783767c9e45f172c0',
35 silly install resolved        tarball: 'http://registry.npmjs.org/quickthumb/-/quickthumb-0.0.11.tgz' },
35 silly install resolved     directories: {},
35 silly install resolved     _resolved: 'https://registry.npmjs.org/quickthumb/-/quickthumb-0.0.11.tgz',
35 silly install resolved     readme: 'ERROR: No README data found!' } ]
36 info install quickthumb@0.0.11 into C:\Users\Jorge.Jorge-PC\Documents\GitHub\erasmusMadrid
37 info installOne quickthumb@0.0.11
38 verbose installOne of quickthumb to C:\Users\Jorge.Jorge-PC\Documents\GitHub\erasmusMadrid not in flight; installing
39 verbose lock using C:\Users\Jorge.Jorge-PC\AppData\Roaming\npm-cache\_locks\quickthumb-a4ac947a6b1a36fe.lock for C:\Users\Jorge.Jorge-PC\Documents\GitHub\erasmusMadrid\node_modules\quickthumb
40 silly install write writing quickthumb 0.0.11 to C:\Users\Jorge.Jorge-PC\Documents\GitHub\erasmusMadrid\node_modules\quickthumb
41 silly cache addNamed cb quickthumb@0.0.11
42 verbose unbuild node_modules\quickthumb
43 verbose gentlyRm vacuuming C:\Users\Jorge.Jorge-PC\Documents\GitHub\erasmusMadrid\node_modules\quickthumb
44 verbose tar unpack C:\Users\Jorge.Jorge-PC\AppData\Roaming\npm-cache\quickthumb\0.0.11\package.tgz
45 verbose tar unpacking to C:\Users\Jorge.Jorge-PC\Documents\GitHub\erasmusMadrid\node_modules\quickthumb
46 verbose gentlyRm vacuuming C:\Users\Jorge.Jorge-PC\Documents\GitHub\erasmusMadrid\node_modules\quickthumb
47 silly gunzTarPerm modes [ '777', '666' ]
48 silly gunzTarPerm extractEntry package.json
49 silly gunzTarPerm modified mode [ 'package.json', 436, 438 ]
50 silly gunzTarPerm extractEntry .npmignore
51 silly gunzTarPerm modified mode [ '.npmignore', 436, 438 ]
52 silly gunzTarPerm extractEntry README.md
53 silly gunzTarPerm modified mode [ 'README.md', 436, 438 ]
54 silly gunzTarPerm extractEntry LICENSE
55 silly gunzTarPerm modified mode [ 'LICENSE', 436, 438 ]
56 silly gunzTarPerm extractEntry index.js
57 silly gunzTarPerm modified mode [ 'index.js', 436, 438 ]
58 silly gunzTarPerm extractEntry lib/quickthumb.js
59 silly gunzTarPerm modified mode [ 'lib/quickthumb.js', 436, 438 ]
60 silly gunzTarPerm extractEntry public/images/cape cod.jpg
61 silly gunzTarPerm modified mode [ 'public/images/cape cod.jpg', 436, 438 ]
62 silly gunzTarPerm extractEntry bin/make-thumb.js
63 silly gunzTarPerm modified mode [ 'bin/make-thumb.js', 436, 438 ]
64 silly gunzTarPerm extractEntry test/express-test.js
65 silly gunzTarPerm modified mode [ 'test/express-test.js', 436, 438 ]
66 silly gunzTarPerm extractEntry test/simple-test.js
67 silly gunzTarPerm modified mode [ 'test/simple-test.js', 436, 438 ]
68 info preinstall quickthumb@0.0.11
69 silly prepareForInstallMany adding imagemagick@git://github.com/rsms/node-imagemagick.git from quickthumb dependencies
70 silly prepareForInstallMany adding mkdirp@~0.3.3 from quickthumb dependencies
71 silly cache add args [ 'imagemagick@git://github.com/rsms/node-imagemagick.git',
71 silly cache add   null ]
72 verbose cache add spec imagemagick@git://github.com/rsms/node-imagemagick.git
73 silly cache add args [ 'mkdirp@~0.3.3', null ]
74 verbose cache add spec mkdirp@~0.3.3
75 silly cache add parsed spec { raw: 'mkdirp@~0.3.3',
75 silly cache add   scope: null,
75 silly cache add   name: 'mkdirp',
75 silly cache add   rawSpec: '~0.3.3',
75 silly cache add   spec: '>=0.3.3 <0.4.0',
75 silly cache add   type: 'range' }
76 verbose addNamed mkdirp@>=0.3.3 <0.4.0
77 silly addNamed semver.valid null
78 silly addNamed semver.validRange >=0.3.3 <0.4.0
79 silly addNameRange { name: 'mkdirp', range: '>=0.3.3 <0.4.0', hasData: false }
80 silly mapToRegistry name mkdirp
81 silly mapToRegistry using default registry
82 silly mapToRegistry registry https://registry.npmjs.org/
83 silly mapToRegistry uri https://registry.npmjs.org/mkdirp
84 verbose addNameRange registry:https://registry.npmjs.org/mkdirp not in flight; fetching
85 silly cache add parsed spec { raw: 'imagemagick@git://github.com/rsms/node-imagemagick.git',
85 silly cache add   scope: null,
85 silly cache add   name: 'imagemagick',
85 silly cache add   rawSpec: 'git://github.com/rsms/node-imagemagick.git',
85 silly cache add   spec: 'git://github.com/rsms/node-imagemagick.git',
85 silly cache add   type: 'git' }
86 verbose addRemoteGit u="git://github.com/rsms/node-imagemagick.git" silent=false
87 silly addRemoteGit normalized { url: 'git://github.com/rsms/node-imagemagick.git',
87 silly addRemoteGit   branch: 'master' }
88 silly addRemoteGit v git-github-com-rsms-node-imagemagick-git-530c6678
89 verbose addRemoteGit C:\Users\Jorge.Jorge-PC\AppData\Roaming\npm-cache\_git-remotes\git-github-com-rsms-node-imagemagick-git-530c6678 not in flight; cloning
90 verbose request uri https://registry.npmjs.org/mkdirp
91 verbose request no auth needed
92 info attempt registry request try #1 at 17:35:54
93 verbose etag "2JO3W97TY0J7IT84HRD0KBWVE"
94 http request GET https://registry.npmjs.org/mkdirp
95 warn `git config --get remote.origin.url` returned wrong result (git://github.com/rsms/node-imagemagick.git) undefined
95 warn `git config --get remote.origin.url` returned wrong result (git://github.com/rsms/node-imagemagick.git) undefined
96 verbose gentlyRm vacuuming C:\Users\Jorge.Jorge-PC\AppData\Roaming\npm-cache\_git-remotes\git-github-com-rsms-node-imagemagick-git-530c6678
97 silly gentlyRm purging C:\Users\Jorge.Jorge-PC\AppData\Roaming\npm-cache\_git-remotes\git-github-com-rsms-node-imagemagick-git-530c6678
98 silly gentlyRm quitting because other entries in C:\Users\Jorge.Jorge-PC\AppData\Roaming\npm-cache\_git-remotes
99 error git clone git://github.com/rsms/node-imagemagick.git undefined
99 error git clone git://github.com/rsms/node-imagemagick.git undefined
100 http 304 https://registry.npmjs.org/mkdirp
101 silly get cb [ 304,
101 silly get   { date: 'Mon, 25 May 2015 15:35:56 GMT',
101 silly get     via: '1.1 varnish',
101 silly get     'cache-control': 'max-age=60',
101 silly get     etag: '"2JO3W97TY0J7IT84HRD0KBWVE"',
101 silly get     age: '6',
101 silly get     connection: 'keep-alive',
101 silly get     'x-served-by': 'cache-lhr6326-LHR',
101 silly get     'x-cache': 'HIT',
101 silly get     'x-cache-hits': '1',
101 silly get     'x-timer': 'S1432568156.103190,VS0,VE1',
101 silly get     vary: 'Accept' } ]
102 verbose etag https://registry.npmjs.org/mkdirp from cache
103 verbose get saving mkdirp to C:\Users\Jorge.Jorge-PC\AppData\Roaming\npm-cache\registry.npmjs.org\mkdirp\.cache.json
104 silly addNameRange number 2 { name: 'mkdirp', range: '>=0.3.3 <0.4.0', hasData: true }
105 silly addNameRange versions [ 'mkdirp',
105 silly addNameRange   [ '0.0.1',
105 silly addNameRange     '0.0.2',
105 silly addNameRange     '0.0.3',
105 silly addNameRange     '0.0.4',
105 silly addNameRange     '0.0.5',
105 silly addNameRange     '0.0.6',
105 silly addNameRange     '0.0.7',
105 silly addNameRange     '0.1.0',
105 silly addNameRange     '0.2.0',
105 silly addNameRange     '0.2.1',
105 silly addNameRange     '0.2.2',
105 silly addNameRange     '0.3.0',
105 silly addNameRange     '0.3.1',
105 silly addNameRange     '0.3.2',
105 silly addNameRange     '0.3.3',
105 silly addNameRange     '0.3.4',
105 silly addNameRange     '0.3.5',
105 silly addNameRange     '0.4.0',
105 silly addNameRange     '0.4.1',
105 silly addNameRange     '0.4.2',
105 silly addNameRange     '0.5.0',
105 silly addNameRange     '0.5.1' ] ]
106 verbose addNamed mkdirp@0.3.5
107 silly addNamed semver.valid 0.3.5
108 silly addNamed semver.validRange 0.3.5
109 silly cache afterAdd mkdirp@0.3.5
110 verbose afterAdd C:\Users\Jorge.Jorge-PC\AppData\Roaming\npm-cache\mkdirp\0.3.5\package\package.json not in flight; writing
111 verbose afterAdd C:\Users\Jorge.Jorge-PC\AppData\Roaming\npm-cache\mkdirp\0.3.5\package\package.json written
112 verbose about to build C:\Users\Jorge.Jorge-PC\Documents\GitHub\erasmusMadrid\node_modules\quickthumb
113 verbose unlock done using C:\Users\Jorge.Jorge-PC\AppData\Roaming\npm-cache\_locks\quickthumb-a4ac947a6b1a36fe.lock for C:\Users\Jorge.Jorge-PC\Documents\GitHub\erasmusMadrid\node_modules\quickthumb
114 verbose stack Error: not found: git
114 verbose stack     at F (C:\Software\nodejs\node_modules\npm\node_modules\which\which.js:38:28)
114 verbose stack     at E (C:\Software\nodejs\node_modules\npm\node_modules\which\which.js:41:29)
114 verbose stack     at C:\Software\nodejs\node_modules\npm\node_modules\which\which.js:52:16
114 verbose stack     at FSReqWrap.oncomplete (fs.js:99:15)
115 verbose cwd C:\Users\Jorge.Jorge-PC\Documents\GitHub\erasmusMadrid
116 error Windows_NT 6.1.7601
117 error argv "C:\\Software\\nodejs\\\\node.exe" "C:\\Software\\nodejs\\node_modules\\npm\\bin\\npm-cli.js" "install" "quickthumb"
118 error node v0.12.0
119 error npm  v2.5.1
120 error code ENOGIT
121 error not found: git
122 error Failed using git.
122 error This is most likely not a problem with npm itself.
122 error Please check if you have git installed and in your PATH.
123 verbose exit [ 1, true ]
124 verbose unbuild node_modules\quickthumb
125 info preuninstall quickthumb@0.0.11
126 info uninstall quickthumb@0.0.11
127 verbose unbuild rmStuff quickthumb@0.0.11 from C:\Users\Jorge.Jorge-PC\Documents\GitHub\erasmusMadrid\node_modules
128 info postuninstall quickthumb@0.0.11
129 verbose gentlyRm vacuuming C:\Users\Jorge.Jorge-PC\Documents\GitHub\erasmusMadrid\node_modules\quickthumb
130 silly gentlyRm purging C:\Users\Jorge.Jorge-PC\Documents\GitHub\erasmusMadrid\node_modules\quickthumb
131 silly gentlyRm quitting because other entries in C:\Users\Jorge.Jorge-PC\Documents\GitHub\erasmusMadrid\node_modules
